<?xml version="1.0" encoding="UTF-8"?>
<testng-results ignored="5" total="6" passed="1" failed="0" skipped="0">
  <reporter-output>
  </reporter-output>
  <suite started-at="2024-09-25T11:24:08 IST" name="Suite" finished-at="2024-09-25T11:24:11 IST" duration-ms="2444">
    <groups>
    </groups>
    <test started-at="2024-09-25T11:24:08 IST" name="Test" finished-at="2024-09-25T11:24:11 IST" duration-ms="2444">
      <class name="com.catering.test.Cateringtest">
        <test-method signature="getPayments()[pri:0, instance:com.catering.test.Cateringtest@f9879ac]" started-at="2024-09-25T11:24:08 IST" name="getPayments" finished-at="2024-09-25T11:24:11 IST" duration-ms="2409" status="PASS">
          <reporter-output>
          </reporter-output>
        </test-method> <!-- getPayments -->
      </class> <!-- com.catering.test.Cateringtest -->
    </test> <!-- Test -->
  </suite> <!-- Suite -->
</testng-results>
